<?xml version="1.0" encoding="UTF-8"?>
<!-- Generated by org.testng.reporters.JUnitReportReporter -->
<testsuite hostname="DESKTOP-A3A9V7N" failures="0" tests="1" name="dummy_testing.dummy_testing" time="5.963" errors="0" timestamp="2022-01-22T22:22:42 IST" skipped="0">
  <testcase classname="dummy_testing.dummy_testing" name="initDriver" time="5.963"/>
  <system-out/>
</testsuite> <!-- dummy_testing.dummy_testing -->
